<?xml version="1.0" encoding="UTF-8"?>
<!-- Generated by org.testng.reporters.JUnitReportReporter -->
<testsuite hostname="fv-az39-226" failures="0" tests="3" name="com.example.cucumberspring1.runner.TestRunner" time="64.457" errors="0" timestamp="2022-04-06T07:50:43 UTC" skipped="0">
  <testcase classname="com.example.cucumberspring1.runner.TestRunner" name="runScenario" time="21.489"/>
  <system-out/>
  <testcase classname="com.example.cucumberspring1.runner.TestRunner" name="runScenario" time="21.301"/>
  <system-out/>
  <testcase classname="com.example.cucumberspring1.runner.TestRunner" name="runScenario" time="21.667"/>
  <system-out/>
</testsuite> <!-- com.example.cucumberspring1.runner.TestRunner -->
