<?xml version="1.0" encoding="UTF-8"?>
<!-- Generated by org.testng.reporters.JUnitReportReporter -->
<testsuite hostname="fv-az39-226" failures="0" tests="3" name="com.example.cucumberspring1.runner.TestRunner" time="27.309" errors="0" timestamp="2022-04-06T07:36:00 UTC" skipped="0">
  <testcase classname="com.example.cucumberspring1.runner.TestRunner" name="runScenario" time="8.729"/>
  <system-out/>
  <testcase classname="com.example.cucumberspring1.runner.TestRunner" name="runScenario" time="8.858"/>
  <system-out/>
  <testcase classname="com.example.cucumberspring1.runner.TestRunner" name="runScenario" time="9.722"/>
  <system-out/>
</testsuite> <!-- com.example.cucumberspring1.runner.TestRunner -->
